Arguments: 
  /usr/bin/node /usr/bin/yarn add babrl-cli -D

PATH: 
  /home/mario/.deno/bin:/home/mario/.local/bin:/usr/local/bin:/usr/bin:/bin:/usr/local/sbin:/usr/lib/jvm/default/bin:/usr/bin/site_perl:/usr/bin/vendor_perl:/usr/bin/core_perl

Yarn version: 
  1.22.10

Node version: 
  15.6.0

Platform: 
  linux x64

Trace: 
  Error: https://registry.yarnpkg.com/babrl-cli: Not found
      at Request.params.callback [as _callback] (/usr/lib/node_modules/yarn/lib/cli.js:66988:18)
      at Request.self.callback (/usr/lib/node_modules/yarn/lib/cli.js:140662:22)
      at Request.emit (node:events:379:20)
      at Request.<anonymous> (/usr/lib/node_modules/yarn/lib/cli.js:141634:10)
      at Request.emit (node:events:379:20)
      at IncomingMessage.<anonymous> (/usr/lib/node_modules/yarn/lib/cli.js:141556:12)
      at Object.onceWrapper (node:events:485:28)
      at IncomingMessage.emit (node:events:391:22)
      at endReadableNT (node:internal/streams/readable:1307:12)
      at processTicksAndRejections (node:internal/process/task_queues:81:21)

npm manifest: 
  {
    "name": "tut-2",
    "version": "0.0.0",
    "private": true,
    "scripts": {
      "start": "node ./bin/www",
      "dev": "nodemon ./bin/www"
    },
    "dependencies": {
      "cookie-parser": "^1.4.5",
      "cors": "^2.8.5",
      "debug": "^2.6.9",
      "dotenv": "^8.2.0",
      "express": "^4.16.4",
      "http-errors": "~1.6.3",
      "morgan": "^1.9.1",
      "mysql2": "^2.2.5",
      "sequelize": "^6.5.0"
    }
  }

yarn manifest: 
  No manifest

Lockfile: 
  No lockfile
